[提示] 使用预处理结果：data/process

=== Summary ===
overall consistency (posterior MAP p_map): 1.0000
consistency_map by scheme:
  Percent: 1.0000
  Rank: 1.0000

overall consistency (posterior mean p_mean): 0.9967
consistency_mean by scheme:
  Percent: 1.0000
  Rank: 0.9872

accept_rate stats (mean/min/median/max):
mean    0.288909
min     0.000140
50%     0.188608
max     1.000000

CI width stats (mean/min/median/max):
mean    0.125319
min     0.021423
50%     0.138104
max     0.245600

Relative CI width stats (mean/min/median/max):
mean    1.154720
min     0.309472
50%     1.189208
max     2.036935

margin_map stats (median/min):
median: 0.008946
min:    0.000000

输出文件：fan_vote_estimates.csv, weekly_summary.csv

