[提示] 使用预处理结果：data/process

=== Summary ===
overall consistency (posterior MAP p_map): 1.0000
consistency_map by scheme:
  Percent: 1.0000
  Rank: 1.0000

overall consistency (posterior mean p_mean): 0.9967
consistency_mean by scheme:
  Percent: 1.0000
  Rank: 0.9872

accept_rate stats (mean/min/median/max):
mean    0.300457
min     0.000060
50%     0.207211
max     1.000000

CI width stats (mean/min/median/max):
mean    0.076698
min     0.013340
50%     0.080108
max     0.147089

Relative CI width stats (mean/min/median/max):
mean    0.717152
min     0.185306
50%     0.712529
max     1.182870

margin_map stats (median/min):
median: 0.006977
min:    0.000000

输出文件：fan_vote_estimates.csv, weekly_summary.csv

