[提示] 使用预处理结果：data/process

=== Summary ===
overall consistency (posterior MAP p_map): 1.0000
consistency_map by scheme:
  Percent: 1.0000
  Rank: 1.0000

overall consistency (posterior mean p_mean): 1.0000
consistency_mean by scheme:
  Percent: 1.0000
  Rank: 1.0000

accept_rate stats (mean/min/median/max):
mean    0.296688
min     0.000050
50%     0.194628
max     1.000000

CI width stats (mean/min/median/max):
mean    0.102941
min     0.011012
50%     0.085268
max     0.451188

Relative CI width stats (mean/min/median/max):
mean    1.043027
min     0.109305
50%     0.789159
max     3.099273

margin_map stats (median/min):
median: 0.005506
min:    0.000000

输出文件：fan_vote_estimates.csv, weekly_summary.csv

