[提示] 使用预处理结果：data/process

=== Summary ===
overall consistency (posterior MAP p_map): 1.0000
consistency_map by scheme:
  Percent: 1.0000
  Rank: 1.0000

overall consistency (posterior mean p_mean): 1.0000
consistency_mean by scheme:
  Percent: 1.0000
  Rank: 1.0000

accept_rate stats (mean/min/median/max):
mean    0.288276
min     0.000050
50%     0.192308
max     1.000000

CI width stats (mean/min/median/max):
mean    0.151556
min     0.019437
50%     0.147737
max     0.451188

Relative CI width stats (mean/min/median/max):
mean    1.481312
min     0.154036
50%     1.346496
max     3.099273

margin_map stats (median/min):
median: 0.009156
min:    0.000000

输出文件：fan_vote_estimates.csv, weekly_summary.csv

