[提示] 使用预处理结果：data/process

=== Summary ===
overall consistency (posterior MAP p_map): 1.0000
consistency_map by scheme:
  Percent: 1.0000
  Rank: 1.0000

overall consistency (posterior mean p_mean): 1.0000
consistency_mean by scheme:
  Percent: 1.0000
  Rank: 1.0000

accept_rate stats (mean/min/median/max):
mean    0.288496
min     0.000070
50%     0.191791
max     1.000000

CI width stats (mean/min/median/max):
mean    0.230149
min     0.012984
50%     0.264321
max     0.484027

Relative CI width stats (mean/min/median/max):
mean    2.125123
min     0.412721
50%     2.316377
max     4.387879

margin_map stats (median/min):
median: 0.008695
min:    0.000000

输出文件：fan_vote_estimates.csv, weekly_summary.csv

