[提示] 使用预处理结果：data/process

=== Summary ===
overall consistency (posterior MAP p_map): 1.0000
consistency_map by scheme:
  Percent: 1.0000
  Rank: 1.0000

overall consistency (posterior mean p_mean): 1.0000
consistency_mean by scheme:
  Percent: 1.0000
  Rank: 1.0000

accept_rate stats (mean/min/median/max):
mean    0.297154
min     0.000060
50%     0.200723
max     1.000000

CI width stats (mean/min/median/max):
mean    0.084920
min     0.015275
50%     0.084975
max     0.225836

Relative CI width stats (mean/min/median/max):
mean    0.818294
min     0.176171
50%     0.791946
max     1.523510

margin_map stats (median/min):
median: 0.006267
min:    0.000000

输出文件：fan_vote_estimates.csv, weekly_summary.csv

