[提示] 使用预处理结果：data/process

=== Summary ===
overall consistency (posterior MAP p_map): 1.0000
consistency_map by scheme:
  Percent: 1.0000
  Rank: 1.0000

overall consistency (posterior mean p_mean): 1.0000
consistency_mean by scheme:
  Percent: 1.0000
  Rank: 1.0000

accept_rate stats (mean/min/median/max):
mean    0.28405
min     0.00008
50%     0.18546
max     1.00000

CI width stats (mean/min/median/max):
mean    0.238464
min     0.012216
50%     0.265185
max     0.491331

Relative CI width stats (mean/min/median/max):
mean    2.229901
min     0.389157
50%     2.306808
max     5.023182

margin_map stats (median/min):
median: 0.009505
min:    0.000000

输出文件：fan_vote_estimates.csv, weekly_summary.csv

